<?xml version="1.0" encoding="UTF-8"?>
<!-- Generated by org.testng.reporters.JUnitXMLReporter -->
<testsuite ignored="3" hostname="LAPTOP-TT28PNP6" failures="0" tests="1" name="Default test" time="0.094" errors="0" timestamp="2021-03-03T12:15:35 IST">
  <testcase classname="Academy.nestedloops" name="mno" time="0.022"/>
  <testcase classname="Academy.nestedloops" name="xyz" time="0.0">
    <ignored/>
  </testcase> <!-- xyz -->
  <testcase classname="Academy.nestedloops" name="abc" time="0.0">
    <ignored/>
  </testcase> <!-- abc -->
  <testcase classname="Academy.nestedloops" name="pqr" time="0.0">
    <ignored/>
  </testcase> <!-- pqr -->
</testsuite> <!-- Default test -->
