<?xml version="1.0" encoding="UTF-8"?>
<!-- Generated by org.testng.reporters.JUnitXMLReporter -->
<testsuite ignored="0" hostname="LAPTOP-TT28PNP6" failures="1" tests="1" name="Test" time="0.092" errors="0" timestamp="2021-03-28T09:57:30 IST">
  <testcase classname="Academy.HomePage" name="basePageNavigation" time="0.015">
    <failure type="java.io.FileNotFoundException" message="C:\Users\swapn\eclipse-workspaceNew\FACEBOOK\src\main\java\Academy\data.properties (The system cannot find the path specified)">
      <![CDATA[java.io.FileNotFoundException: C:\Users\swapn\eclipse-workspaceNew\FACEBOOK\src\main\java\Academy\data.properties (The system cannot find the path specified)
at java.base/java.io.FileInputStream.open0(Native Method)
at java.base/java.io.FileInputStream.open(FileInputStream.java:211)
at java.base/java.io.FileInputStream.<init>(FileInputStream.java:153)
at java.base/java.io.FileInputStream.<init>(FileInputStream.java:108)
at Academy.Base.initializeDriver(Base.java:23)
at Academy.HomePage.basePageNavigation(HomePage.java:16)
at java.base/java.util.ArrayList.forEach(ArrayList.java:1511)
... Removed 27 stack frames]]>
    </failure>
  </testcase> <!-- basePageNavigation -->
</testsuite> <!-- Test -->
