<?xml version="1.0" encoding="UTF-8"?>
<testng-results ignored="0" total="1" passed="1" failed="0" skipped="0">
  <reporter-output>
  </reporter-output>
  <suite started-at="2021-03-03T12:39:43 IST" name="Suite" finished-at="2021-03-03T12:40:06 IST" duration-ms="22568">
    <groups>
    </groups>
    <test started-at="2021-03-03T12:39:43 IST" name="Test" finished-at="2021-03-03T12:40:06 IST" duration-ms="22568">
      <class name="Academy.HomePage">
        <test-method signature="basePageNavigation()[pri:0, instance:Academy.HomePage@291b4bf5]" started-at="2021-03-03T12:39:44 IST" name="basePageNavigation" finished-at="2021-03-03T12:40:06 IST" duration-ms="22537" status="PASS">
          <reporter-output>
          </reporter-output>
        </test-method> <!-- basePageNavigation -->
      </class> <!-- Academy.HomePage -->
    </test> <!-- Test -->
  </suite> <!-- Suite -->
</testng-results>
