<?xml version="1.0" encoding="UTF-8"?>
<testng-results ignored="0" total="1" passed="1" failed="0" skipped="0">
  <reporter-output>
  </reporter-output>
  <suite started-at="2021-03-28T10:07:19 IST" name="Default suite" finished-at="2021-03-28T10:07:40 IST" duration-ms="21137">
    <groups>
    </groups>
    <test started-at="2021-03-28T10:07:19 IST" name="Default test" finished-at="2021-03-28T10:07:40 IST" duration-ms="21137">
      <class name="Academy.HomePage">
        <test-method signature="basePageNavigation()[pri:0, instance:Academy.HomePage@482bce4f]" started-at="2021-03-28T10:07:19 IST" name="basePageNavigation" finished-at="2021-03-28T10:07:40 IST" duration-ms="21079" status="PASS">
          <reporter-output>
          </reporter-output>
        </test-method> <!-- basePageNavigation -->
      </class> <!-- Academy.HomePage -->
    </test> <!-- Default test -->
  </suite> <!-- Default suite -->
</testng-results>
