<?xml version="1.0" encoding="UTF-8"?>
<testng-results ignored="3" total="4" passed="1" failed="0" skipped="0">
  <reporter-output>
  </reporter-output>
  <suite started-at="2021-03-03T12:15:34 IST" name="Default suite" finished-at="2021-03-03T12:15:35 IST" duration-ms="94">
    <groups>
    </groups>
    <test started-at="2021-03-03T12:15:34 IST" name="Default test" finished-at="2021-03-03T12:15:35 IST" duration-ms="94">
      <class name="Academy.nestedloops">
        <test-method signature="mno()[pri:0, instance:Academy.nestedloops@355ce81c]" started-at="2021-03-03T12:15:34 IST" name="mno" finished-at="2021-03-03T12:15:34 IST" duration-ms="22" status="PASS">
          <reporter-output>
          </reporter-output>
        </test-method> <!-- mno -->
      </class> <!-- Academy.nestedloops -->
    </test> <!-- Default test -->
  </suite> <!-- Default suite -->
</testng-results>
